<?xml version="1.0" encoding="UTF-8"?>
<!-- Generated by org.testng.reporters.JUnitXMLReporter -->
<testsuite hostname="Rejoic-Dev-Dell" name="Default test" tests="1" failures="0" timestamp="17 Oct 2018 13:31:37 GMT" time="0.045" errors="0">
  <testcase name="@BeforeTest setup" time="0.0" classname="Scripts.TC1">
    <failure type="org.testng.TestNGException" message="
Parameter &amp;apos;broswer&amp;apos; is required by @Configuration on method setup but has not been marked @Optional or defined
in C:\Users\Rejoicem\AppData\Local\Temp\testng-eclipse-2139414616\testng-customsuite.xml">
      <![CDATA[org.testng.TestNGException: 
Parameter 'broswer' is required by @Configuration on method setup but has not been marked @Optional or defined
in C:\Users\Rejoicem\AppData\Local\Temp\testng-eclipse-2139414616\testng-customsuite.xml
	at org.testng.internal.Parameters.createParameters(Parameters.java:148)
	at org.testng.internal.Parameters.createParameters(Parameters.java:361)
	at org.testng.internal.Parameters.createConfigurationParameters(Parameters.java:84)
	at org.testng.internal.Invoker.invokeConfigurations(Invoker.java:197)
	at org.testng.internal.Invoker.invokeConfigurations(Invoker.java:138)
	at org.testng.TestRunner.beforeRun(TestRunner.java:647)
	at org.testng.TestRunner.run(TestRunner.java:615)
	at org.testng.SuiteRunner.runTest(SuiteRunner.java:357)
	at org.testng.SuiteRunner.runSequentially(SuiteRunner.java:352)
	at org.testng.SuiteRunner.privateRun(SuiteRunner.java:310)
	at org.testng.SuiteRunner.run(SuiteRunner.java:259)
	at org.testng.SuiteRunnerWorker.runSuite(SuiteRunnerWorker.java:52)
	at org.testng.SuiteRunnerWorker.run(SuiteRunnerWorker.java:86)
	at org.testng.TestNG.runSuitesSequentially(TestNG.java:1185)
	at org.testng.TestNG.runSuitesLocally(TestNG.java:1110)
	at org.testng.TestNG.run(TestNG.java:1018)
	at org.testng.remote.AbstractRemoteTestNG.run(AbstractRemoteTestNG.java:114)
	at org.testng.remote.RemoteTestNG.initAndRun(RemoteTestNG.java:251)
	at org.testng.remote.RemoteTestNG.main(RemoteTestNG.java:77)
]]>
    </failure>
  </testcase> <!-- @BeforeTest setup -->
  <testcase name="@AfterClass afterClass" time="0.0" classname="Scripts.TC1">
    <skipped/>
  </testcase> <!-- @AfterClass afterClass -->
  <testcase name="ApplyOnline" time="0.006" classname="Scripts.TC1">
    <skipped/>
  </testcase> <!-- ApplyOnline -->
</testsuite> <!-- Default test -->
