<?xml version="1.0" encoding="UTF-8"?>
<!-- Generated by org.testng.reporters.JUnitXMLReporter -->
<testsuite hostname="Rejoic-Dev-Dell" ignored="0" name="Test" tests="1" failures="0" timestamp="16 Oct 2018 20:29:16 GMT" time="0.039" errors="0">
  <testcase name="@BeforeTest beforeTest" time="0.0" classname="config.StartBrowser">
    <failure type="org.testng.TestNGException" message="
Parameter &amp;apos;browser&amp;apos; is required by BeforeTest on method beforeTest but has not been marked @Optional or defined
in C:\Users\Rejoicem\eclipse-workspace\Hybrid_Framework\testng.xml">
      <![CDATA[org.testng.TestNGException: Parameter 'browser' is required by BeforeTest on method beforeTest but has not been marked @Optional or definedin C:\Users\Rejoicem\eclipse-workspace\Hybrid_Framework\testng.xml... Removed 21 stack frames]]>
    </failure>
  </testcase> <!-- @BeforeTest beforeTest -->
  <testcase name="@AfterClass afterClass" time="0.0" classname="config.StartBrowser">
    <skipped/>
  </testcase> <!-- @AfterClass afterClass -->
  <testcase name="ApplyOnline" time="0.0" classname="Scripts.TC1">
    <skipped/>
  </testcase> <!-- ApplyOnline -->
</testsuite> <!-- Test -->
